<?xml version="1.0" encoding="UTF-8"?>
<!-- Generated by org.testng.reporters.JUnitXMLReporter -->
<testsuite hostname="DESKTOP-50ISOSA" ignored="0" name="Opencart Test" tests="5" failures="0" timestamp="2021-10-25T22:03:05 IST" time="60.499" errors="0">
  <testcase name="test_LoginDDT" time="10.399" classname="testcases.TC_003_LoginDDTtestcase"/>
  <testcase name="test_LoginDDT" time="14.058" classname="testcases.TC_003_LoginDDTtestcase"/>
  <testcase name="test_LoginDDT" time="14.062" classname="testcases.TC_003_LoginDDTtestcase"/>
  <testcase name="test_LoginDDT" time="14.1" classname="testcases.TC_003_LoginDDTtestcase"/>
  <testcase name="test_LoginDDT" time="2.67" classname="testcases.TC_003_LoginDDTtestcase"/>
</testsuite> <!-- Opencart Test -->
